Build started 11/17/2014 2:18:41 AM.
     1>Project "H:\Courses\CSE788_VLSI\course_project\Assignment3\Annealing_Algorithms_Floorplan\Annealing_Algorithms_Floorplan\Annealing_Algorithms_Floorplan.vcxproj" on node 2 (Build target(s)).
     1>ClCompile:
         C:\Program Files (x86)\Microsoft Visual Studio 12.0\VC\bin\CL.exe /c /ZI /nologo /W3 /WX- /sdl /Od /Oy- /D WIN32 /D _DEBUG /D _CONSOLE /D _LIB /D _UNICODE /D UNICODE /Gm /EHsc /RTC1 /MDd /GS /fp:precise /Zc:wchar_t /Zc:forScope /Fo"Debug\\" /Fd"Debug\vc120.pdb" /Gd /TP /analyze- /errorReport:prompt AnnealingAlgorithm.cpp
         AnnealingAlgorithm.cpp
     1>h:\courses\cse788_vlsi\course_project\assignment3\annealing_algorithms_floorplan\annealing_algorithms_floorplan\annealingalgorithm.cpp(36): warning C4244: '=' : conversion from 'std::chrono::system_clock::rep' to 'unsigned int', possible loss of data
     1>h:\courses\cse788_vlsi\course_project\assignment3\annealing_algorithms_floorplan\annealing_algorithms_floorplan\annealingalgorithm.cpp(42): warning C4244: 'return' : conversion from 'double' to 'float', possible loss of data
     1>h:\courses\cse788_vlsi\course_project\assignment3\annealing_algorithms_floorplan\annealing_algorithms_floorplan\annealingalgorithm.cpp(48): warning C4244: '=' : conversion from 'double' to 'float', possible loss of data
     1>h:\courses\cse788_vlsi\course_project\assignment3\annealing_algorithms_floorplan\annealing_algorithms_floorplan\annealingalgorithm.cpp(86): warning C4018: '<' : signed/unsigned mismatch
     1>h:\courses\cse788_vlsi\course_project\assignment3\annealing_algorithms_floorplan\annealing_algorithms_floorplan\annealingalgorithm.cpp(89): warning C4018: '<' : signed/unsigned mismatch
     1>h:\courses\cse788_vlsi\course_project\assignment3\annealing_algorithms_floorplan\annealing_algorithms_floorplan\annealingalgorithm.cpp(112): warning C4018: '<' : signed/unsigned mismatch
     1>h:\courses\cse788_vlsi\course_project\assignment3\annealing_algorithms_floorplan\annealing_algorithms_floorplan\annealingalgorithm.cpp(116): warning C4018: '<' : signed/unsigned mismatch
     1>h:\courses\cse788_vlsi\course_project\assignment3\annealing_algorithms_floorplan\annealing_algorithms_floorplan\annealingalgorithm.cpp(170): warning C4018: '<' : signed/unsigned mismatch
     1>h:\courses\cse788_vlsi\course_project\assignment3\annealing_algorithms_floorplan\annealing_algorithms_floorplan\annealingalgorithm.cpp(174): warning C4018: '<' : signed/unsigned mismatch
     1>h:\courses\cse788_vlsi\course_project\assignment3\annealing_algorithms_floorplan\annealing_algorithms_floorplan\annealingalgorithm.cpp(205): warning C4018: '<' : signed/unsigned mismatch
     1>h:\courses\cse788_vlsi\course_project\assignment3\annealing_algorithms_floorplan\annealing_algorithms_floorplan\annealingalgorithm.cpp(209): warning C4018: '<' : signed/unsigned mismatch
     1>h:\courses\cse788_vlsi\course_project\assignment3\annealing_algorithms_floorplan\annealing_algorithms_floorplan\annealingalgorithm.cpp(237): warning C4018: '<' : signed/unsigned mismatch
     1>h:\courses\cse788_vlsi\course_project\assignment3\annealing_algorithms_floorplan\annealing_algorithms_floorplan\annealingalgorithm.cpp(262): warning C4244: 'return' : conversion from 'double' to 'float', possible loss of data
     1>h:\courses\cse788_vlsi\course_project\assignment3\annealing_algorithms_floorplan\annealing_algorithms_floorplan\annealingalgorithm.cpp(152): warning C4101: 'temp' : unreferenced local variable
     1>h:\courses\cse788_vlsi\course_project\assignment3\annealing_algorithms_floorplan\annealing_algorithms_floorplan\annealingalgorithm.cpp(560): warning C4244: '=' : conversion from 'float' to 'int', possible loss of data
     1>h:\courses\cse788_vlsi\course_project\assignment3\annealing_algorithms_floorplan\annealing_algorithms_floorplan\annealingalgorithm.cpp(715): warning C4244: 'argument' : conversion from 'float' to 'int', possible loss of data
     1>h:\courses\cse788_vlsi\course_project\assignment3\annealing_algorithms_floorplan\annealing_algorithms_floorplan\annealingalgorithm.cpp(725): warning C4244: 'argument' : conversion from 'float' to 'int', possible loss of data
     1>h:\courses\cse788_vlsi\course_project\assignment3\annealing_algorithms_floorplan\annealing_algorithms_floorplan\annealingalgorithm.cpp(758): warning C4244: 'argument' : conversion from 'float' to 'int', possible loss of data
     1>h:\courses\cse788_vlsi\course_project\assignment3\annealing_algorithms_floorplan\annealing_algorithms_floorplan\annealingalgorithm.cpp(766): warning C4244: 'argument' : conversion from 'float' to 'int', possible loss of data
     1>h:\courses\cse788_vlsi\course_project\assignment3\annealing_algorithms_floorplan\annealing_algorithms_floorplan\annealingalgorithm.cpp(797): warning C4244: 'argument' : conversion from 'float' to 'int', possible loss of data
     1>h:\courses\cse788_vlsi\course_project\assignment3\annealing_algorithms_floorplan\annealing_algorithms_floorplan\annealingalgorithm.cpp(801): warning C4244: 'argument' : conversion from 'float' to 'int', possible loss of data
     1>h:\courses\cse788_vlsi\course_project\assignment3\annealing_algorithms_floorplan\annealing_algorithms_floorplan\annealingalgorithm.cpp(855): warning C4244: 'argument' : conversion from 'float' to 'int', possible loss of data
     1>h:\courses\cse788_vlsi\course_project\assignment3\annealing_algorithms_floorplan\annealing_algorithms_floorplan\annealingalgorithm.cpp(863): warning C4244: 'argument' : conversion from 'float' to 'int', possible loss of data
     1>h:\courses\cse788_vlsi\course_project\assignment3\annealing_algorithms_floorplan\annealing_algorithms_floorplan\annealingalgorithm.cpp(688): warning C4101: 'y2' : unreferenced local variable
     1>h:\courses\cse788_vlsi\course_project\assignment3\annealing_algorithms_floorplan\annealing_algorithms_floorplan\annealingalgorithm.cpp(688): warning C4101: 'x2' : unreferenced local variable
     1>h:\courses\cse788_vlsi\course_project\assignment3\annealing_algorithms_floorplan\annealing_algorithms_floorplan\annealingalgorithm.cpp(688): warning C4101: 'y1' : unreferenced local variable
     1>h:\courses\cse788_vlsi\course_project\assignment3\annealing_algorithms_floorplan\annealing_algorithms_floorplan\annealingalgorithm.cpp(688): warning C4101: 'x1' : unreferenced local variable
     1>h:\courses\cse788_vlsi\course_project\assignment3\annealing_algorithms_floorplan\annealing_algorithms_floorplan\annealingalgorithm.cpp(885): warning C4244: '=' : conversion from 'double' to 'float', possible loss of data
     1>h:\courses\cse788_vlsi\course_project\assignment3\annealing_algorithms_floorplan\annealing_algorithms_floorplan\annealingalgorithm.cpp(939): warning C4018: '<' : signed/unsigned mismatch
     1>h:\courses\cse788_vlsi\course_project\assignment3\annealing_algorithms_floorplan\annealing_algorithms_floorplan\annealingalgorithm.cpp(962): warning C4244: 'argument' : conversion from 'float' to 'int', possible loss of data
     1>h:\courses\cse788_vlsi\course_project\assignment3\annealing_algorithms_floorplan\annealing_algorithms_floorplan\annealingalgorithm.cpp(963): warning C4244: 'argument' : conversion from 'float' to 'int', possible loss of data
     1>h:\courses\cse788_vlsi\course_project\assignment3\annealing_algorithms_floorplan\annealing_algorithms_floorplan\annealingalgorithm.cpp(964): warning C4244: 'argument' : conversion from 'float' to 'int', possible loss of data
     1>h:\courses\cse788_vlsi\course_project\assignment3\annealing_algorithms_floorplan\annealing_algorithms_floorplan\annealingalgorithm.cpp(965): warning C4244: 'argument' : conversion from 'float' to 'int', possible loss of data
     1>h:\courses\cse788_vlsi\course_project\assignment3\annealing_algorithms_floorplan\annealing_algorithms_floorplan\annealingalgorithm.cpp(966): warning C4244: 'argument' : conversion from 'float' to 'int', possible loss of data
     1>h:\courses\cse788_vlsi\course_project\assignment3\annealing_algorithms_floorplan\annealing_algorithms_floorplan\annealingalgorithm.cpp(1000): warning C4244: 'argument' : conversion from 'float' to 'int', possible loss of data
     1>h:\courses\cse788_vlsi\course_project\assignment3\annealing_algorithms_floorplan\annealing_algorithms_floorplan\annealingalgorithm.cpp(1001): warning C4244: 'argument' : conversion from 'float' to 'int', possible loss of data
     1>h:\courses\cse788_vlsi\course_project\assignment3\annealing_algorithms_floorplan\annealing_algorithms_floorplan\annealingalgorithm.cpp(1002): warning C4244: 'argument' : conversion from 'float' to 'int', possible loss of data
     1>h:\courses\cse788_vlsi\course_project\assignment3\annealing_algorithms_floorplan\annealing_algorithms_floorplan\annealingalgorithm.cpp(1003): warning C4244: 'argument' : conversion from 'float' to 'int', possible loss of data
     1>h:\courses\cse788_vlsi\course_project\assignment3\annealing_algorithms_floorplan\annealing_algorithms_floorplan\annealingalgorithm.cpp(1007): warning C4244: 'argument' : conversion from 'double' to 'int', possible loss of data
     1>h:\courses\cse788_vlsi\course_project\assignment3\annealing_algorithms_floorplan\annealing_algorithms_floorplan\annealingalgorithm.cpp(1007): warning C4244: 'argument' : conversion from 'float' to 'int', possible loss of data
     1>h:\courses\cse788_vlsi\course_project\assignment3\annealing_algorithms_floorplan\annealing_algorithms_floorplan\annealingalgorithm.cpp(1021): warning C4018: '<' : signed/unsigned mismatch
     1>h:\courses\cse788_vlsi\course_project\assignment3\annealing_algorithms_floorplan\annealing_algorithms_floorplan\annealingalgorithm.cpp(1029): warning C4244: 'argument' : conversion from 'float' to 'int', possible loss of data
     1>h:\courses\cse788_vlsi\course_project\assignment3\annealing_algorithms_floorplan\annealing_algorithms_floorplan\annealingalgorithm.cpp(1030): warning C4244: 'argument' : conversion from 'float' to 'int', possible loss of data
     1>h:\courses\cse788_vlsi\course_project\assignment3\annealing_algorithms_floorplan\annealing_algorithms_floorplan\annealingalgorithm.cpp(1031): warning C4244: 'argument' : conversion from 'float' to 'int', possible loss of data
     1>h:\courses\cse788_vlsi\course_project\assignment3\annealing_algorithms_floorplan\annealing_algorithms_floorplan\annealingalgorithm.cpp(1032): warning C4244: 'argument' : conversion from 'float' to 'int', possible loss of data
     1>h:\courses\cse788_vlsi\course_project\assignment3\annealing_algorithms_floorplan\annealing_algorithms_floorplan\annealingalgorithm.cpp(1065): warning C4018: '<' : signed/unsigned mismatch
     1>h:\courses\cse788_vlsi\course_project\assignment3\annealing_algorithms_floorplan\annealing_algorithms_floorplan\annealingalgorithm.cpp(1071): warning C4244: 'argument' : conversion from 'float' to 'int', possible loss of data
       Link:
         C:\Program Files (x86)\Microsoft Visual Studio 12.0\VC\bin\link.exe /ERRORREPORT:PROMPT /OUT:"H:\Courses\CSE788_VLSI\course_project\Assignment3\Annealing_Algorithms_Floorplan\Debug\Annealing_Algorithms_Floorplan.exe" /INCREMENTAL /NOLOGO kernel32.lib user32.lib gdi32.lib winspool.lib comdlg32.lib advapi32.lib shell32.lib ole32.lib oleaut32.lib uuid.lib odbc32.lib odbccp32.lib /MANIFEST /MANIFESTUAC:"level='asInvoker' uiAccess='false'" /manifest:embed /DEBUG /PDB:"H:\Courses\CSE788_VLSI\course_project\Assignment3\Annealing_Algorithms_Floorplan\Debug\Annealing_Algorithms_Floorplan.pdb" /SUBSYSTEM:CONSOLE /TLBID:1 /DYNAMICBASE /NXCOMPAT /IMPLIB:"H:\Courses\CSE788_VLSI\course_project\Assignment3\Annealing_Algorithms_Floorplan\Debug\Annealing_Algorithms_Floorplan.lib" /MACHINE:X86 Debug\AnnealingAlgorithm.obj
         Debug\EasyBMP.obj
         Debug\EasyBMP_Font.obj
         Debug\EasyBMP_Geometry.obj
         Debug\main.obj
         Annealing_Algorithms_Floorplan.vcxproj -> H:\Courses\CSE788_VLSI\course_project\Assignment3\Annealing_Algorithms_Floorplan\Debug\Annealing_Algorithms_Floorplan.exe
     1>Done Building Project "H:\Courses\CSE788_VLSI\course_project\Assignment3\Annealing_Algorithms_Floorplan\Annealing_Algorithms_Floorplan\Annealing_Algorithms_Floorplan.vcxproj" (Build target(s)).

Build succeeded.

Time Elapsed 00:00:04.23
